Start testing: Jul 05 20:52 BST
----------------------------------------------------------
1/1 Testing: matrix_test
1/1 Test: matrix_test
Command: "/Users/tom/Code/KronMat/build/matrix_test"
Directory: /Users/tom/Code/KronMat/build
"matrix_test" start time: Jul 05 20:52 BST
Output:
----------------------------------------------------------
Running test
[==========] Running 6 tests from 1 test case.
[----------] Global test environment set-up.
[----------] 6 tests from Matrix
[ RUN      ] Matrix.EqualsAssignment
[       OK ] Matrix.EqualsAssignment (0 ms)
[ RUN      ] Matrix.Equality
[       OK ] Matrix.Equality (0 ms)
[ RUN      ] Matrix.Inequality
[       OK ] Matrix.Inequality (0 ms)
[ RUN      ] Matrix.TransposeIndexing
[       OK ] Matrix.TransposeIndexing (0 ms)
[ RUN      ] Matrix.ScalarAdd
[       OK ] Matrix.ScalarAdd (0 ms)
[ RUN      ] Matrix.MatrixAdd
[       OK ] Matrix.MatrixAdd (0 ms)
[----------] 6 tests from Matrix (0 ms total)

[----------] Global test environment tear-down
[==========] 6 tests from 1 test case ran. (0 ms total)
[  PASSED  ] 6 tests.
<end of output>
Test time =   0.01 sec
----------------------------------------------------------
Test Passed.
"matrix_test" end time: Jul 05 20:52 BST
"matrix_test" time elapsed: 00:00:00
----------------------------------------------------------

End testing: Jul 05 20:52 BST
